
/home/runner/work/exp-advanced-arithmatic-iiith/exp-advanced-arithmatic-iiith/experiment/simulation/js/main.js
   16:18   warning  Unnecessary escape character: \"  no-useless-escape
   16:25   warning  Unnecessary escape character: \"  no-useless-escape
  106:18   warning  Unnecessary escape character: \"  no-useless-escape
  106:25   warning  Unnecessary escape character: \"  no-useless-escape
  137:35   warning  Unnecessary escape character: \"  no-useless-escape
  137:41   warning  Unnecessary escape character: \"  no-useless-escape
  161:25   warning  Unnecessary escape character: \"  no-useless-escape
  161:38   warning  Unnecessary escape character: \"  no-useless-escape
  161:52   warning  Unnecessary escape character: \"  no-useless-escape
  161:61   warning  Unnecessary escape character: \"  no-useless-escape
  161:70   warning  Unnecessary escape character: \"  no-useless-escape
  161:97   warning  Unnecessary escape character: \"  no-useless-escape
  161:112  warning  Unnecessary escape character: \"  no-useless-escape
  161:134  warning  Unnecessary escape character: \"  no-useless-escape
  165:38   warning  Unnecessary escape character: \"  no-useless-escape
  165:53   warning  Unnecessary escape character: \"  no-useless-escape
  182:42   warning  Unnecessary escape character: \"  no-useless-escape
  182:45   warning  Unnecessary escape character: \"  no-useless-escape
  184:44   warning  Unnecessary escape character: \"  no-useless-escape
  184:50   warning  Unnecessary escape character: \"  no-useless-escape
  196:36   warning  Unnecessary escape character: \"  no-useless-escape
  196:42   warning  Unnecessary escape character: \"  no-useless-escape
  205:31   warning  Unnecessary escape character: \"  no-useless-escape
  205:49   warning  Unnecessary escape character: \"  no-useless-escape
  207:31   warning  Unnecessary escape character: \"  no-useless-escape
  207:51   warning  Unnecessary escape character: \"  no-useless-escape
  217:17   warning  Unnecessary escape character: \"  no-useless-escape
  217:39   warning  Unnecessary escape character: \"  no-useless-escape

✖ 28 problems (0 errors, 28 warnings)

